{"name": "test_add_Employee", "status": "broken", "statusDetails": {"message": "selenium.common.exceptions.TimeoutException: Message: \nStacktrace:\nSymbols not available. Dumping unresolved backtrace:\n\t0x7ff6789ba545\n\t0x7ff6789ba5a0\n\t0x7ff678760fed\n\t0x7ff6787bc6d2\n\t0x7ff6787bc9dc\n\t0x7ff67880d5b7\n\t0x7ff67880a10c\n\t0x7ff6787acedc\n\t0x7ff6787ade23\n\t0x7ff678c98bb0\n\t0x7ff678c92fbd\n\t0x7ff678cb420a\n\t0x7ff6789d6e15\n\t0x7ff6789df4dc\n\t0x7ff6789c3e54\n\t0x7ff6789c4006\n\t0x7ff6789a9e27\n\t0x7ffefb14e8d7\n\t0x7ffefba4c40c", "trace": "self = <Testcases.test_OrangeHRM_Login_001.Test_OrangeHRM_Login_001 object at 0x0000017C713CDA90>\n\n    def test_add_Employee(self):\n        self.log.info(\"Checking Login page\")\n        self.driver.get(self.login_url)\n    \n        login_page = Login_Page_class(self.driver)\n        # login_page.Enter_password(\"Admin\")\n        self.log.info(\"Entering username\")\n        login_page.Enter_username(self.username)\n    \n        # login_page.Enter_password(\"admin123\")\n        self.log.info(\"Entering password\")\n        login_page.Enter_password(self.password)\n        login_page.Login_button_click()\n        login_page.click_pim()\n>       login_page.Enter_first_name(self.firstname)\n\nTestcases\\test_OrangeHRM_Login_001.py:111: \n_ _ _ _ _ _ _ _ _ _ _ _ _ _ _ _ _ _ _ _ _ _ _ _ _ _ _ _ _ _ _ _ _ _ _ _ _ _ _ _ _ _ _ _ _ _ _ _ _ _ _ _ _ _ _ _ _ _ _ _ _ _ _ _ _ _ _ _ _ _ _ _ _ _ _ _ _ _ _ _ _ _ _ _ _ _ _ _ _ _\nPage_Objects\\Login_page.py:60: in Enter_first_name\n    self.wait.until(expected_conditions.visibility_of_element_located((By.XPATH,self.first_name_xpath)))\n_ _ _ _ _ _ _ _ _ _ _ _ _ _ _ _ _ _ _ _ _ _ _ _ _ _ _ _ _ _ _ _ _ _ _ _ _ _ _ _ _ _ _ _ _ _ _ _ _ _ _ _ _ _ _ _ _ _ _ _ _ _ _ _ _ _ _ _ _ _ _ _ _ _ _ _ _ _ _ _ _ _ _ _ _ _ _ _ _ _\n\nself = <selenium.webdriver.support.wait.WebDriverWait (session=\"191559d6fac40c8f8bb573c5806bddc5\")>\nmethod = <function visibility_of_element_located.<locals>._predicate at 0x0000017C71364A60>, message = ''\n\n    def until(self, method: Callable[[D], Union[Literal[False], T]], message: str = \"\") -> T:\n        \"\"\"Wait until the method returns a value that is not False.\n    \n        Calls the method provided with the driver as an argument until the\n        return value does not evaluate to ``False``.\n    \n        Parameters:\n        -----------\n        method: callable(WebDriver)\n            - A callable object that takes a WebDriver instance as an argument.\n    \n        message: str\n            - Optional message for :exc:`TimeoutException`\n    \n        Return:\n        -------\n        object: T\n            - The result of the last call to `method`\n    \n        Raises:\n        -------\n        TimeoutException\n            - If 'method' does not return a truthy value within the WebDriverWait\n            object's timeout\n    \n        Example:\n        --------\n        >>> from selenium.webdriver.common.by import By\n        >>> from selenium.webdriver.support.ui import WebDriverWait\n        >>> from selenium.webdriver.support import expected_conditions as EC\n    \n        # Wait until an element is visible on the page\n        >>> wait = WebDriverWait(driver, 10)\n        >>> element = wait.until(EC.visibility_of_element_located((By.ID, \"exampleId\")))\n        >>> print(element.text)\n        \"\"\"\n        screen = None\n        stacktrace = None\n    \n        end_time = time.monotonic() + self._timeout\n        while True:\n            try:\n                value = method(self._driver)\n                if value:\n                    return value\n            except self._ignored_exceptions as exc:\n                screen = getattr(exc, \"screen\", None)\n                stacktrace = getattr(exc, \"stacktrace\", None)\n            if time.monotonic() > end_time:\n                break\n            time.sleep(self._poll)\n>       raise TimeoutException(message, screen, stacktrace)\nE       selenium.common.exceptions.TimeoutException: Message: \nE       Stacktrace:\nE       Symbols not available. Dumping unresolved backtrace:\nE       \t0x7ff6789ba545\nE       \t0x7ff6789ba5a0\nE       \t0x7ff678760fed\nE       \t0x7ff6787bc6d2\nE       \t0x7ff6787bc9dc\nE       \t0x7ff67880d5b7\nE       \t0x7ff67880a10c\nE       \t0x7ff6787acedc\nE       \t0x7ff6787ade23\nE       \t0x7ff678c98bb0\nE       \t0x7ff678c92fbd\nE       \t0x7ff678cb420a\nE       \t0x7ff6789d6e15\nE       \t0x7ff6789df4dc\nE       \t0x7ff6789c3e54\nE       \t0x7ff6789c4006\nE       \t0x7ff6789a9e27\nE       \t0x7ffefb14e8d7\nE       \t0x7ffefba4c40c\n\n.venv\\lib\\site-packages\\selenium\\webdriver\\support\\wait.py:138: TimeoutException"}, "attachments": [{"name": "log", "source": "67d18cf0-c979-4b27-bf2a-b25e7caff3a4-attachment.txt", "type": "text/plain"}, {"name": "stdout", "source": "7d741288-28ec-4712-ad01-119b2e7426c7-attachment.txt", "type": "text/plain"}], "start": 1770628868379, "stop": 1770628993719, "uuid": "165102f2-7ad6-41c2-b5ca-baf540d6d03f", "historyId": "564f17c21ef5943c7a28f90cdbb07a81", "testCaseId": "564f17c21ef5943c7a28f90cdbb07a81", "fullName": "Testcases.test_OrangeHRM_Login_001.Test_OrangeHRM_Login_001#test_add_Employee", "labels": [{"name": "parentSuite", "value": "Testcases"}, {"name": "suite", "value": "test_OrangeHRM_Login_001"}, {"name": "subSuite", "value": "Test_OrangeHRM_Login_001"}, {"name": "host", "value": "Tanishq"}, {"name": "thread", "value": "26988-MainThread"}, {"name": "framework", "value": "pytest"}, {"name": "language", "value": "cpython3"}, {"name": "package", "value": "Testcases.test_OrangeHRM_Login_001"}], "titlePath": ["Testcases", "test_OrangeHRM_Login_001.py", "Test_OrangeHRM_Login_001"]}