{"name": "test_add_Employee", "status": "broken", "statusDetails": {"message": "selenium.common.exceptions.TimeoutException: Message: \nStacktrace:\nSymbols not available. Dumping unresolved backtrace:\n\t0x7ff67b9f87d5\n\t0x7ff67b968e44\n\t0x7ff67bd531f2\n\t0x7ff67b7c2d9e\n\t0x7ff67b7c2ffb\n\t0x7ff67b7fe917\n\t0x7ff67b7ba2e5\n\t0x7ff67b7fc8de\n\t0x7ff67b7b982a\n\t0x7ff67b7b8b33\n\t0x7ff67b7b9653\n\t0x7ff67b8a22e4\n\t0x7ff67b8b109c\n\t0x7ff67b8aac7f\n\t0x7ff67ba89b37\n\t0x7ff67b9746a6\n\t0x7ff67b96eab4\n\t0x7ff67b96ebf9\n\t0x7ff67b962cbd\n\t0x7ffefb14e8d7\n\t0x7ffefba4c40c", "trace": "self = <Testcases.test_OrangeHRM_Login_001.Test_OrangeHRM_Login_001 object at 0x000001AF270D2E80>\n\n    def test_add_Employee(self):\n        self.log.info(\"Checking Login page\")\n        self.driver.get(self.login_url)\n    \n        login_page = Login_Page_class(self.driver)\n        # login_page.Enter_password(\"Admin\")\n        self.log.info(\"Entering username\")\n        login_page.Enter_username(self.username)\n    \n        # login_page.Enter_password(\"admin123\")\n        self.log.info(\"Entering password\")\n        login_page.Enter_password(self.password)\n        login_page.Login_button_click()\n    \n        #Add Employee\n    \n        login_page.click_pim()\n        self.log.info(\"PIM page is opened\")\n>       login_page.add_employee()\n\nTestcases\\test_OrangeHRM_Login_001.py:116: \n_ _ _ _ _ _ _ _ _ _ _ _ _ _ _ _ _ _ _ _ _ _ _ _ _ _ _ _ _ _ _ _ _ _ _ _ _ _ _ _ _ _ _ _ _ _ _ _ _ _ _ _ _ _ _ _ _ _ _ _ _ _ _ _ _ _ _ _ _ _ _ _ _ _ _ _ _ _ _ _ _ _ _ _ _ _ _ _ _ _\nPage_Objects\\Login_page.py:62: in add_employee\n    self.wait.until(expected_conditions.visibility_of_element_located((By.XPATH,self.add_employee_xpath)))\n_ _ _ _ _ _ _ _ _ _ _ _ _ _ _ _ _ _ _ _ _ _ _ _ _ _ _ _ _ _ _ _ _ _ _ _ _ _ _ _ _ _ _ _ _ _ _ _ _ _ _ _ _ _ _ _ _ _ _ _ _ _ _ _ _ _ _ _ _ _ _ _ _ _ _ _ _ _ _ _ _ _ _ _ _ _ _ _ _ _\n\nself = <selenium.webdriver.support.wait.WebDriverWait (session=\"aca482ae939a15d898baee070d1d4e12\")>\nmethod = <function visibility_of_element_located.<locals>._predicate at 0x000001AF2710A1F0>, message = ''\n\n    def until(self, method: Callable[[D], Union[Literal[False], T]], message: str = \"\") -> T:\n        \"\"\"Wait until the method returns a value that is not False.\n    \n        Calls the method provided with the driver as an argument until the\n        return value does not evaluate to ``False``.\n    \n        Parameters:\n        -----------\n        method: callable(WebDriver)\n            - A callable object that takes a WebDriver instance as an argument.\n    \n        message: str\n            - Optional message for :exc:`TimeoutException`\n    \n        Return:\n        -------\n        object: T\n            - The result of the last call to `method`\n    \n        Raises:\n        -------\n        TimeoutException\n            - If 'method' does not return a truthy value within the WebDriverWait\n            object's timeout\n    \n        Example:\n        --------\n        >>> from selenium.webdriver.common.by import By\n        >>> from selenium.webdriver.support.ui import WebDriverWait\n        >>> from selenium.webdriver.support import expected_conditions as EC\n    \n        # Wait until an element is visible on the page\n        >>> wait = WebDriverWait(driver, 10)\n        >>> element = wait.until(EC.visibility_of_element_located((By.ID, \"exampleId\")))\n        >>> print(element.text)\n        \"\"\"\n        screen = None\n        stacktrace = None\n    \n        end_time = time.monotonic() + self._timeout\n        while True:\n            try:\n                value = method(self._driver)\n                if value:\n                    return value\n            except self._ignored_exceptions as exc:\n                screen = getattr(exc, \"screen\", None)\n                stacktrace = getattr(exc, \"stacktrace\", None)\n            if time.monotonic() > end_time:\n                break\n            time.sleep(self._poll)\n>       raise TimeoutException(message, screen, stacktrace)\nE       selenium.common.exceptions.TimeoutException: Message: \nE       Stacktrace:\nE       Symbols not available. Dumping unresolved backtrace:\nE       \t0x7ff67b9f87d5\nE       \t0x7ff67b968e44\nE       \t0x7ff67bd531f2\nE       \t0x7ff67b7c2d9e\nE       \t0x7ff67b7c2ffb\nE       \t0x7ff67b7fe917\nE       \t0x7ff67b7ba2e5\nE       \t0x7ff67b7fc8de\nE       \t0x7ff67b7b982a\nE       \t0x7ff67b7b8b33\nE       \t0x7ff67b7b9653\nE       \t0x7ff67b8a22e4\nE       \t0x7ff67b8b109c\nE       \t0x7ff67b8aac7f\nE       \t0x7ff67ba89b37\nE       \t0x7ff67b9746a6\nE       \t0x7ff67b96eab4\nE       \t0x7ff67b96ebf9\nE       \t0x7ff67b962cbd\nE       \t0x7ffefb14e8d7\nE       \t0x7ffefba4c40c\n\n.venv\\lib\\site-packages\\selenium\\webdriver\\support\\wait.py:138: TimeoutException"}, "attachments": [{"name": "log", "source": "f40a47c3-614d-4631-b610-55c26e52b56e-attachment.txt", "type": "text/plain"}, {"name": "stdout", "source": "b74142bb-0d26-4d46-aa4e-1eb305b6b10d-attachment.txt", "type": "text/plain"}], "start": 1770629893507, "stop": 1770629961590, "uuid": "d2bed444-44c9-483d-8bd8-13a8a33c7016", "historyId": "564f17c21ef5943c7a28f90cdbb07a81", "testCaseId": "564f17c21ef5943c7a28f90cdbb07a81", "fullName": "Testcases.test_OrangeHRM_Login_001.Test_OrangeHRM_Login_001#test_add_Employee", "labels": [{"name": "parentSuite", "value": "Testcases"}, {"name": "suite", "value": "test_OrangeHRM_Login_001"}, {"name": "subSuite", "value": "Test_OrangeHRM_Login_001"}, {"name": "host", "value": "Tanishq"}, {"name": "thread", "value": "12652-MainThread"}, {"name": "framework", "value": "pytest"}, {"name": "language", "value": "cpython3"}, {"name": "package", "value": "Testcases.test_OrangeHRM_Login_001"}], "titlePath": ["Testcases", "test_OrangeHRM_Login_001.py", "Test_OrangeHRM_Login_001"]}