{"name": "test_OrangeHRM_Add_user_004", "status": "broken", "statusDetails": {"message": "selenium.common.exceptions.NoSuchElementException: Message: no such element: Unable to locate element: {\"method\":\"xpath\",\"selector\":\"//i[@class='oxd-icon bi-plus oxd-button-icon']\"}\n  (Session info: MicrosoftEdge=144.0.3719.115); For documentation on this error, please visit: https://www.selenium.dev/documentation/webdriver/troubleshooting/errors#nosuchelementexception\nStacktrace:\nSymbols not available. Dumping unresolved backtrace:\n\t0x7ff78c0d87d5\n\t0x7ff78c048e44\n\t0x7ff78c4331f2\n\t0x7ff78bea2d9e\n\t0x7ff78bea2ffb\n\t0x7ff78bede917\n\t0x7ff78be9a2e5\n\t0x7ff78bedc8de\n\t0x7ff78be9982a\n\t0x7ff78be98b33\n\t0x7ff78be99653\n\t0x7ff78bf822e4\n\t0x7ff78bf9109c\n\t0x7ff78bf8ac7f\n\t0x7ff78c169b37\n\t0x7ff78c0546a6\n\t0x7ff78c04eab4\n\t0x7ff78c04ebf9\n\t0x7ff78c042cbd\n\t0x7ffefb14e8d7\n\t0x7ffefba4c40c", "trace": "self = <Testcases.test_OrangeHRM_Login_001.Test_OrangeHRM_Login_001 object at 0x000002023624DC70>\n\n    def test_OrangeHRM_Add_user_004(self):\n            self.log.info(\"Adding new user\")\n            self.driver.get(self.login_url)\n            login_page = Login_Page_class(self.driver)\n            login_page.Enter_username(self.username)\n            login_page.Enter_password(self.password)\n            login_page.Login_button_click()\n    \n            #Add user\n            login_page.click_admin()\n            self.log.info(\"Admin Page Opened\")\n            login_page.click_add_user()\n            self.log.info(\"Add user page Opened\")\n>           login_page.select_user_role()\n\nTestcases\\test_OrangeHRM_Login_001.py:108: \n_ _ _ _ _ _ _ _ _ _ _ _ _ _ _ _ _ _ _ _ _ _ _ _ _ _ _ _ _ _ _ _ _ _ _ _ _ _ _ _ _ _ _ _ _ _ _ _ _ _ _ _ _ _ _ _ _ _ _ _ _ _ _ _ _ _ _ _ _ _ _ _ _ _ _ _ _ _ _ _ _ _ _ _ _ _ _ _ _ _\nPage_Objects\\Login_page.py:58: in select_user_role\n    drop_down=self.driver.find_element(By.XPATH,self.click_add_user_xpath)\n.venv\\lib\\site-packages\\selenium\\webdriver\\remote\\webdriver.py:926: in find_element\n    return self.execute(Command.FIND_ELEMENT, {\"using\": by, \"value\": value})[\"value\"]\n.venv\\lib\\site-packages\\selenium\\webdriver\\remote\\webdriver.py:458: in execute\n    self.error_handler.check_response(response)\n_ _ _ _ _ _ _ _ _ _ _ _ _ _ _ _ _ _ _ _ _ _ _ _ _ _ _ _ _ _ _ _ _ _ _ _ _ _ _ _ _ _ _ _ _ _ _ _ _ _ _ _ _ _ _ _ _ _ _ _ _ _ _ _ _ _ _ _ _ _ _ _ _ _ _ _ _ _ _ _ _ _ _ _ _ _ _ _ _ _\n\nself = <selenium.webdriver.remote.errorhandler.ErrorHandler object at 0x0000020236DDFA30>\nresponse = {'status': 404, 'value': '{\"value\":{\"error\":\"no such element\",\"message\":\"no such element: Unable to locate element: {\\...ff78c0546a6\\\\n\\\\t0x7ff78c04eab4\\\\n\\\\t0x7ff78c04ebf9\\\\n\\\\t0x7ff78c042cbd\\\\n\\\\t0x7ffefb14e8d7\\\\n\\\\t0x7ffefba4c40c\\\\n\"}}'}\n\n    def check_response(self, response: dict[str, Any]) -> None:\n        \"\"\"Checks that a JSON response from the WebDriver does not have an\n        error.\n    \n        :Args:\n         - response - The JSON response from the WebDriver server as a dictionary\n           object.\n    \n        :Raises: If the response contains an error message.\n        \"\"\"\n        status = response.get(\"status\", None)\n        if not status or status == ErrorCode.SUCCESS:\n            return\n        value = None\n        message = response.get(\"message\", \"\")\n        screen: str = response.get(\"screen\", \"\")\n        stacktrace = None\n        if isinstance(status, int):\n            value_json = response.get(\"value\", None)\n            if value_json and isinstance(value_json, str):\n                try:\n                    value = json.loads(value_json)\n                    if isinstance(value, dict):\n                        if len(value) == 1:\n                            value = value[\"value\"]\n                        status = value.get(\"error\", None)\n                        if not status:\n                            status = value.get(\"status\", ErrorCode.UNKNOWN_ERROR)\n                            message = value.get(\"value\") or value.get(\"message\")\n                            if not isinstance(message, str):\n                                value = message\n                                message = message.get(\"message\") if isinstance(message, dict) else None\n                        else:\n                            message = value.get(\"message\", None)\n                except ValueError:\n                    pass\n    \n        exception_class: type[WebDriverException]\n        e = ErrorCode()\n        error_codes = [item for item in dir(e) if not item.startswith(\"__\")]\n        for error_code in error_codes:\n            error_info = getattr(ErrorCode, error_code)\n            if isinstance(error_info, list) and status in error_info:\n                exception_class = getattr(ExceptionMapping, error_code, WebDriverException)\n                break\n        else:\n            exception_class = WebDriverException\n    \n        if not value:\n            value = response[\"value\"]\n        if isinstance(value, str):\n            raise exception_class(value)\n        if message == \"\" and \"message\" in value:\n            message = value[\"message\"]\n    \n        screen = None  # type: ignore[assignment]\n        if \"screen\" in value:\n            screen = value[\"screen\"]\n    \n        stacktrace = None\n        st_value = value.get(\"stackTrace\") or value.get(\"stacktrace\")\n        if st_value:\n            if isinstance(st_value, str):\n                stacktrace = st_value.split(\"\\n\")\n            else:\n                stacktrace = []\n                try:\n                    for frame in st_value:\n                        line = frame.get(\"lineNumber\", \"\")\n                        file = frame.get(\"fileName\", \"<anonymous>\")\n                        if line:\n                            file = f\"{file}:{line}\"\n                        meth = frame.get(\"methodName\", \"<anonymous>\")\n                        if \"className\" in frame:\n                            meth = f\"{frame['className']}.{meth}\"\n                        msg = \"    at %s (%s)\"\n                        msg = msg % (meth, file)\n                        stacktrace.append(msg)\n                except TypeError:\n                    pass\n        if exception_class == UnexpectedAlertPresentException:\n            alert_text = None\n            if \"data\" in value:\n                alert_text = value[\"data\"].get(\"text\")\n            elif \"alert\" in value:\n                alert_text = value[\"alert\"].get(\"text\")\n            raise exception_class(message, screen, stacktrace, alert_text)  # type: ignore[call-arg]  # mypy is not smart enough here\n>       raise exception_class(message, screen, stacktrace)\nE       selenium.common.exceptions.NoSuchElementException: Message: no such element: Unable to locate element: {\"method\":\"xpath\",\"selector\":\"//i[@class='oxd-icon bi-plus oxd-button-icon']\"}\nE         (Session info: MicrosoftEdge=144.0.3719.115); For documentation on this error, please visit: https://www.selenium.dev/documentation/webdriver/troubleshooting/errors#nosuchelementexception\nE       Stacktrace:\nE       Symbols not available. Dumping unresolved backtrace:\nE       \t0x7ff78c0d87d5\nE       \t0x7ff78c048e44\nE       \t0x7ff78c4331f2\nE       \t0x7ff78bea2d9e\nE       \t0x7ff78bea2ffb\nE       \t0x7ff78bede917\nE       \t0x7ff78be9a2e5\nE       \t0x7ff78bedc8de\nE       \t0x7ff78be9982a\nE       \t0x7ff78be98b33\nE       \t0x7ff78be99653\nE       \t0x7ff78bf822e4\nE       \t0x7ff78bf9109c\nE       \t0x7ff78bf8ac7f\nE       \t0x7ff78c169b37\nE       \t0x7ff78c0546a6\nE       \t0x7ff78c04eab4\nE       \t0x7ff78c04ebf9\nE       \t0x7ff78c042cbd\nE       \t0x7ffefb14e8d7\nE       \t0x7ffefba4c40c\n\n.venv\\lib\\site-packages\\selenium\\webdriver\\remote\\errorhandler.py:232: NoSuchElementException"}, "attachments": [{"name": "log", "source": "f1617aa3-a992-4fb9-b5ce-7ae6b3f7edbe-attachment.txt", "type": "text/plain"}, {"name": "stdout", "source": "65d3d51e-12de-429a-b10f-d3c4a969cd2c-attachment.txt", "type": "text/plain"}], "start": 1770624358019, "stop": 1770624377614, "uuid": "7e7ce0e1-c789-458f-8767-192a6bda3b8e", "historyId": "fd3f7ab229a8bf652fc7b12755104987", "testCaseId": "fd3f7ab229a8bf652fc7b12755104987", "fullName": "Testcases.test_OrangeHRM_Login_001.Test_OrangeHRM_Login_001#test_OrangeHRM_Add_user_004", "labels": [{"name": "parentSuite", "value": "Testcases"}, {"name": "suite", "value": "test_OrangeHRM_Login_001"}, {"name": "subSuite", "value": "Test_OrangeHRM_Login_001"}, {"name": "host", "value": "Tanishq"}, {"name": "thread", "value": "23412-MainThread"}, {"name": "framework", "value": "pytest"}, {"name": "language", "value": "cpython3"}, {"name": "package", "value": "Testcases.test_OrangeHRM_Login_001"}], "titlePath": ["Testcases", "test_OrangeHRM_Login_001.py", "Test_OrangeHRM_Login_001"]}