{"name": "test_OrangeHRM_Add_user_004", "status": "broken", "statusDetails": {"message": "selenium.common.exceptions.TimeoutException: Message: \nStacktrace:\nRemoteError@chrome://remote/content/shared/RemoteError.sys.mjs:8:8\nWebDriverError@chrome://remote/content/shared/webdriver/Errors.sys.mjs:202:5\nNoSuchElementError@chrome://remote/content/shared/webdriver/Errors.sys.mjs:555:5\ndom.find/</<@chrome://remote/content/shared/DOM.sys.mjs:136:16", "trace": "self = <Testcases.test_OrangeHRM_Login_001.Test_OrangeHRM_Login_001 object at 0x000001B95B7DBB20>\n\n    def test_OrangeHRM_Add_user_004(self):\n            self.log.info(\"Adding new user\")\n            self.driver.get(self.login_url)\n            login_page = Login_Page_class(self.driver)\n>           login_page.Enter_username(self.username)\n\nTestcases\\test_OrangeHRM_Login_001.py:99: \n_ _ _ _ _ _ _ _ _ _ _ _ _ _ _ _ _ _ _ _ _ _ _ _ _ _ _ _ _ _ _ _ _ _ _ _ _ _ _ _ _ _ _ _ _ _ _ _ _ _ _ _ _ _ _ _ _ _ _ _ _ _ _ _ _ _ _ _ _ _ _ _ _ _ _ _ _ _ _ _ _ _ _ _ _ _ _ _ _ _\nPage_Objects\\Login_page.py:32: in Enter_username\n    self.wait.until(expected_conditions.visibility_of_element_located((By.XPATH,self.text_username_xpath)))\n_ _ _ _ _ _ _ _ _ _ _ _ _ _ _ _ _ _ _ _ _ _ _ _ _ _ _ _ _ _ _ _ _ _ _ _ _ _ _ _ _ _ _ _ _ _ _ _ _ _ _ _ _ _ _ _ _ _ _ _ _ _ _ _ _ _ _ _ _ _ _ _ _ _ _ _ _ _ _ _ _ _ _ _ _ _ _ _ _ _\n\nself = <selenium.webdriver.support.wait.WebDriverWait (session=\"74d50495-940f-4478-88f0-d912ddfca67e\")>\nmethod = <function visibility_of_element_located.<locals>._predicate at 0x000001B95B7738B0>, message = ''\n\n    def until(self, method: Callable[[D], Union[Literal[False], T]], message: str = \"\") -> T:\n        \"\"\"Wait until the method returns a value that is not False.\n    \n        Calls the method provided with the driver as an argument until the\n        return value does not evaluate to ``False``.\n    \n        Parameters:\n        -----------\n        method: callable(WebDriver)\n            - A callable object that takes a WebDriver instance as an argument.\n    \n        message: str\n            - Optional message for :exc:`TimeoutException`\n    \n        Return:\n        -------\n        object: T\n            - The result of the last call to `method`\n    \n        Raises:\n        -------\n        TimeoutException\n            - If 'method' does not return a truthy value within the WebDriverWait\n            object's timeout\n    \n        Example:\n        --------\n        >>> from selenium.webdriver.common.by import By\n        >>> from selenium.webdriver.support.ui import WebDriverWait\n        >>> from selenium.webdriver.support import expected_conditions as EC\n    \n        # Wait until an element is visible on the page\n        >>> wait = WebDriverWait(driver, 10)\n        >>> element = wait.until(EC.visibility_of_element_located((By.ID, \"exampleId\")))\n        >>> print(element.text)\n        \"\"\"\n        screen = None\n        stacktrace = None\n    \n        end_time = time.monotonic() + self._timeout\n        while True:\n            try:\n                value = method(self._driver)\n                if value:\n                    return value\n            except self._ignored_exceptions as exc:\n                screen = getattr(exc, \"screen\", None)\n                stacktrace = getattr(exc, \"stacktrace\", None)\n            if time.monotonic() > end_time:\n                break\n            time.sleep(self._poll)\n>       raise TimeoutException(message, screen, stacktrace)\nE       selenium.common.exceptions.TimeoutException: Message: \nE       Stacktrace:\nE       RemoteError@chrome://remote/content/shared/RemoteError.sys.mjs:8:8\nE       WebDriverError@chrome://remote/content/shared/webdriver/Errors.sys.mjs:202:5\nE       NoSuchElementError@chrome://remote/content/shared/webdriver/Errors.sys.mjs:555:5\nE       dom.find/</<@chrome://remote/content/shared/DOM.sys.mjs:136:16\n\n.venv\\lib\\site-packages\\selenium\\webdriver\\support\\wait.py:138: TimeoutException"}, "attachments": [{"name": "log", "source": "fda2f667-d511-4428-9666-c5a943281f92-attachment.txt", "type": "text/plain"}, {"name": "stdout", "source": "1a4ab4f9-8406-4604-bb01-85489c62fad0-attachment.txt", "type": "text/plain"}], "start": 1770626475136, "stop": 1770626515316, "uuid": "45392b0f-0aaa-468c-a491-b51a128c2883", "historyId": "fd3f7ab229a8bf652fc7b12755104987", "testCaseId": "fd3f7ab229a8bf652fc7b12755104987", "fullName": "Testcases.test_OrangeHRM_Login_001.Test_OrangeHRM_Login_001#test_OrangeHRM_Add_user_004", "labels": [{"name": "parentSuite", "value": "Testcases"}, {"name": "suite", "value": "test_OrangeHRM_Login_001"}, {"name": "subSuite", "value": "Test_OrangeHRM_Login_001"}, {"name": "host", "value": "Tanishq"}, {"name": "thread", "value": "24540-MainThread"}, {"name": "framework", "value": "pytest"}, {"name": "language", "value": "cpython3"}, {"name": "package", "value": "Testcases.test_OrangeHRM_Login_001"}], "titlePath": ["Testcases", "test_OrangeHRM_Login_001.py", "Test_OrangeHRM_Login_001"]}