{"name": "test_add_Employee", "status": "broken", "statusDetails": {"message": "selenium.common.exceptions.TimeoutException: Message: \nStacktrace:\nSymbols not available. Dumping unresolved backtrace:\n\t0x7ff68b3aa545\n\t0x7ff68b3aa5a0\n\t0x7ff68b150fed\n\t0x7ff68b1ac6d2\n\t0x7ff68b1ac9dc\n\t0x7ff68b1fd5b7\n\t0x7ff68b1fa10c\n\t0x7ff68b19cedc\n\t0x7ff68b19de23\n\t0x7ff68b688bb0\n\t0x7ff68b682fbd\n\t0x7ff68b6a420a\n\t0x7ff68b3c6e15\n\t0x7ff68b3cf4dc\n\t0x7ff68b3b3e54\n\t0x7ff68b3b4006\n\t0x7ff68b399e27\n\t0x7ffefb14e8d7\n\t0x7ffefba4c40c", "trace": "self = <Testcases.test_OrangeHRM_Login_001.Test_OrangeHRM_Login_001 object at 0x0000028E0F1A58B0>\n\n    def test_add_Employee(self):\n        self.log.info(\"Checking Login page\")\n        self.driver.get(self.login_url)\n    \n        login_page = Login_Page_class(self.driver)\n        # login_page.Enter_password(\"Admin\")\n        self.log.info(\"Entering username\")\n        login_page.Enter_username(self.username)\n    \n        # login_page.Enter_password(\"admin123\")\n        self.log.info(\"Entering password\")\n        login_page.Enter_password(self.password)\n        login_page.Login_button_click()\n    \n        #Add Employee\n    \n        login_page.click_pim()\n        self.log.info(\"Add Employee page is opened\")\n>       login_page.Enter_first_name(self.firstname)\n\nTestcases\\test_OrangeHRM_Login_001.py:116: \n_ _ _ _ _ _ _ _ _ _ _ _ _ _ _ _ _ _ _ _ _ _ _ _ _ _ _ _ _ _ _ _ _ _ _ _ _ _ _ _ _ _ _ _ _ _ _ _ _ _ _ _ _ _ _ _ _ _ _ _ _ _ _ _ _ _ _ _ _ _ _ _ _ _ _ _ _ _ _ _ _ _ _ _ _ _ _ _ _ _\nPage_Objects\\Login_page.py:60: in Enter_first_name\n    self.wait.until(expected_conditions.visibility_of_element_located((By.XPATH,self.first_name_xpath)))\n_ _ _ _ _ _ _ _ _ _ _ _ _ _ _ _ _ _ _ _ _ _ _ _ _ _ _ _ _ _ _ _ _ _ _ _ _ _ _ _ _ _ _ _ _ _ _ _ _ _ _ _ _ _ _ _ _ _ _ _ _ _ _ _ _ _ _ _ _ _ _ _ _ _ _ _ _ _ _ _ _ _ _ _ _ _ _ _ _ _\n\nself = <selenium.webdriver.support.wait.WebDriverWait (session=\"e97356bd8b13ed1bcb82d53ef03acce5\")>\nmethod = <function visibility_of_element_located.<locals>._predicate at 0x0000028E0F1D9160>, message = ''\n\n    def until(self, method: Callable[[D], Union[Literal[False], T]], message: str = \"\") -> T:\n        \"\"\"Wait until the method returns a value that is not False.\n    \n        Calls the method provided with the driver as an argument until the\n        return value does not evaluate to ``False``.\n    \n        Parameters:\n        -----------\n        method: callable(WebDriver)\n            - A callable object that takes a WebDriver instance as an argument.\n    \n        message: str\n            - Optional message for :exc:`TimeoutException`\n    \n        Return:\n        -------\n        object: T\n            - The result of the last call to `method`\n    \n        Raises:\n        -------\n        TimeoutException\n            - If 'method' does not return a truthy value within the WebDriverWait\n            object's timeout\n    \n        Example:\n        --------\n        >>> from selenium.webdriver.common.by import By\n        >>> from selenium.webdriver.support.ui import WebDriverWait\n        >>> from selenium.webdriver.support import expected_conditions as EC\n    \n        # Wait until an element is visible on the page\n        >>> wait = WebDriverWait(driver, 10)\n        >>> element = wait.until(EC.visibility_of_element_located((By.ID, \"exampleId\")))\n        >>> print(element.text)\n        \"\"\"\n        screen = None\n        stacktrace = None\n    \n        end_time = time.monotonic() + self._timeout\n        while True:\n            try:\n                value = method(self._driver)\n                if value:\n                    return value\n            except self._ignored_exceptions as exc:\n                screen = getattr(exc, \"screen\", None)\n                stacktrace = getattr(exc, \"stacktrace\", None)\n            if time.monotonic() > end_time:\n                break\n            time.sleep(self._poll)\n>       raise TimeoutException(message, screen, stacktrace)\nE       selenium.common.exceptions.TimeoutException: Message: \nE       Stacktrace:\nE       Symbols not available. Dumping unresolved backtrace:\nE       \t0x7ff68b3aa545\nE       \t0x7ff68b3aa5a0\nE       \t0x7ff68b150fed\nE       \t0x7ff68b1ac6d2\nE       \t0x7ff68b1ac9dc\nE       \t0x7ff68b1fd5b7\nE       \t0x7ff68b1fa10c\nE       \t0x7ff68b19cedc\nE       \t0x7ff68b19de23\nE       \t0x7ff68b688bb0\nE       \t0x7ff68b682fbd\nE       \t0x7ff68b6a420a\nE       \t0x7ff68b3c6e15\nE       \t0x7ff68b3cf4dc\nE       \t0x7ff68b3b3e54\nE       \t0x7ff68b3b4006\nE       \t0x7ff68b399e27\nE       \t0x7ffefb14e8d7\nE       \t0x7ffefba4c40c\n\n.venv\\lib\\site-packages\\selenium\\webdriver\\support\\wait.py:138: TimeoutException"}, "attachments": [{"name": "log", "source": "019ca784-7a01-40c9-80e3-9e5fce3d031c-attachment.txt", "type": "text/plain"}, {"name": "stdout", "source": "0ca88bda-9d4b-4972-ab34-31b28d133b27-attachment.txt", "type": "text/plain"}], "start": 1770629393256, "stop": 1770629469244, "uuid": "d2a58b27-46c9-447a-b16c-de3a5be9c995", "historyId": "564f17c21ef5943c7a28f90cdbb07a81", "testCaseId": "564f17c21ef5943c7a28f90cdbb07a81", "fullName": "Testcases.test_OrangeHRM_Login_001.Test_OrangeHRM_Login_001#test_add_Employee", "labels": [{"name": "parentSuite", "value": "Testcases"}, {"name": "suite", "value": "test_OrangeHRM_Login_001"}, {"name": "subSuite", "value": "Test_OrangeHRM_Login_001"}, {"name": "host", "value": "Tanishq"}, {"name": "thread", "value": "23884-MainThread"}, {"name": "framework", "value": "pytest"}, {"name": "language", "value": "cpython3"}, {"name": "package", "value": "Testcases.test_OrangeHRM_Login_001"}], "titlePath": ["Testcases", "test_OrangeHRM_Login_001.py", "Test_OrangeHRM_Login_001"]}