{"name": "test_OrangeHRM_Add_user_004", "status": "broken", "statusDetails": {"message": "selenium.common.exceptions.TimeoutException: Message: \nStacktrace:\nSymbols not available. Dumping unresolved backtrace:\n\t0x7ff62fa687d5\n\t0x7ff62f9d8e44\n\t0x7ff62fdc31f2\n\t0x7ff62f832d9e\n\t0x7ff62f832ffb\n\t0x7ff62f86e917\n\t0x7ff62f82a2e5\n\t0x7ff62f86c8de\n\t0x7ff62f82982a\n\t0x7ff62f828b33\n\t0x7ff62f829653\n\t0x7ff62f9122e4\n\t0x7ff62f92109c\n\t0x7ff62f91ac7f\n\t0x7ff62faf9b37\n\t0x7ff62f9e46a6\n\t0x7ff62f9deab4\n\t0x7ff62f9debf9\n\t0x7ff62f9d2cbd\n\t0x7ffefb14e8d7\n\t0x7ffefba4c40c", "trace": "self = <Testcases.test_OrangeHRM_Login_001.Test_OrangeHRM_Login_001 object at 0x000001D960DADC70>\n\n    def test_OrangeHRM_Add_user_004(self):\n            self.log.info(\"Adding new user\")\n            self.driver.get(self.login_url)\n            login_page = Login_Page_class(self.driver)\n>           login_page.Enter_username(self.username)\n\nTestcases\\test_OrangeHRM_Login_001.py:99: \n_ _ _ _ _ _ _ _ _ _ _ _ _ _ _ _ _ _ _ _ _ _ _ _ _ _ _ _ _ _ _ _ _ _ _ _ _ _ _ _ _ _ _ _ _ _ _ _ _ _ _ _ _ _ _ _ _ _ _ _ _ _ _ _ _ _ _ _ _ _ _ _ _ _ _ _ _ _ _ _ _ _ _ _ _ _ _ _ _ _\nPage_Objects\\Login_page.py:32: in Enter_username\n    self.wait.until(expected_conditions.visibility_of_element_located((By.XPATH,self.text_username_xpath)))\n_ _ _ _ _ _ _ _ _ _ _ _ _ _ _ _ _ _ _ _ _ _ _ _ _ _ _ _ _ _ _ _ _ _ _ _ _ _ _ _ _ _ _ _ _ _ _ _ _ _ _ _ _ _ _ _ _ _ _ _ _ _ _ _ _ _ _ _ _ _ _ _ _ _ _ _ _ _ _ _ _ _ _ _ _ _ _ _ _ _\n\nself = <selenium.webdriver.support.wait.WebDriverWait (session=\"25f37fb30ca514c9678f196aa12a4985\")>\nmethod = <function visibility_of_element_located.<locals>._predicate at 0x000001D960D448B0>, message = ''\n\n    def until(self, method: Callable[[D], Union[Literal[False], T]], message: str = \"\") -> T:\n        \"\"\"Wait until the method returns a value that is not False.\n    \n        Calls the method provided with the driver as an argument until the\n        return value does not evaluate to ``False``.\n    \n        Parameters:\n        -----------\n        method: callable(WebDriver)\n            - A callable object that takes a WebDriver instance as an argument.\n    \n        message: str\n            - Optional message for :exc:`TimeoutException`\n    \n        Return:\n        -------\n        object: T\n            - The result of the last call to `method`\n    \n        Raises:\n        -------\n        TimeoutException\n            - If 'method' does not return a truthy value within the WebDriverWait\n            object's timeout\n    \n        Example:\n        --------\n        >>> from selenium.webdriver.common.by import By\n        >>> from selenium.webdriver.support.ui import WebDriverWait\n        >>> from selenium.webdriver.support import expected_conditions as EC\n    \n        # Wait until an element is visible on the page\n        >>> wait = WebDriverWait(driver, 10)\n        >>> element = wait.until(EC.visibility_of_element_located((By.ID, \"exampleId\")))\n        >>> print(element.text)\n        \"\"\"\n        screen = None\n        stacktrace = None\n    \n        end_time = time.monotonic() + self._timeout\n        while True:\n            try:\n                value = method(self._driver)\n                if value:\n                    return value\n            except self._ignored_exceptions as exc:\n                screen = getattr(exc, \"screen\", None)\n                stacktrace = getattr(exc, \"stacktrace\", None)\n            if time.monotonic() > end_time:\n                break\n            time.sleep(self._poll)\n>       raise TimeoutException(message, screen, stacktrace)\nE       selenium.common.exceptions.TimeoutException: Message: \nE       Stacktrace:\nE       Symbols not available. Dumping unresolved backtrace:\nE       \t0x7ff62fa687d5\nE       \t0x7ff62f9d8e44\nE       \t0x7ff62fdc31f2\nE       \t0x7ff62f832d9e\nE       \t0x7ff62f832ffb\nE       \t0x7ff62f86e917\nE       \t0x7ff62f82a2e5\nE       \t0x7ff62f86c8de\nE       \t0x7ff62f82982a\nE       \t0x7ff62f828b33\nE       \t0x7ff62f829653\nE       \t0x7ff62f9122e4\nE       \t0x7ff62f92109c\nE       \t0x7ff62f91ac7f\nE       \t0x7ff62faf9b37\nE       \t0x7ff62f9e46a6\nE       \t0x7ff62f9deab4\nE       \t0x7ff62f9debf9\nE       \t0x7ff62f9d2cbd\nE       \t0x7ffefb14e8d7\nE       \t0x7ffefba4c40c\n\n.venv\\lib\\site-packages\\selenium\\webdriver\\support\\wait.py:138: TimeoutException"}, "attachments": [{"name": "log", "source": "efeaf80b-0bfd-4e77-9310-385d812d573f-attachment.txt", "type": "text/plain"}, {"name": "stdout", "source": "8c144867-06e4-4866-9f13-0e303e310031-attachment.txt", "type": "text/plain"}], "start": 1770626378342, "stop": 1770626418762, "uuid": "78c7700e-c9c7-477e-95e7-d80444e679c6", "historyId": "fd3f7ab229a8bf652fc7b12755104987", "testCaseId": "fd3f7ab229a8bf652fc7b12755104987", "fullName": "Testcases.test_OrangeHRM_Login_001.Test_OrangeHRM_Login_001#test_OrangeHRM_Add_user_004", "labels": [{"name": "parentSuite", "value": "Testcases"}, {"name": "suite", "value": "test_OrangeHRM_Login_001"}, {"name": "subSuite", "value": "Test_OrangeHRM_Login_001"}, {"name": "host", "value": "Tanishq"}, {"name": "thread", "value": "2236-MainThread"}, {"name": "framework", "value": "pytest"}, {"name": "language", "value": "cpython3"}, {"name": "package", "value": "Testcases.test_OrangeHRM_Login_001"}], "titlePath": ["Testcases", "test_OrangeHRM_Login_001.py", "Test_OrangeHRM_Login_001"]}