{"name": "Verify OrangeHRM Title", "status": "broken", "statusDetails": {"message": "selenium.common.exceptions.NoSuchElementException: Message: no such element: Unable to locate element: {\"method\":\"xpath\",\"selector\":\"//input[@placeholder='Username']\"}\n  (Session info: MicrosoftEdge=144.0.3719.115); For documentation on this error, please visit: https://www.selenium.dev/documentation/webdriver/troubleshooting/errors#nosuchelementexception\nStacktrace:\nSymbols not available. Dumping unresolved backtrace:\n\t0x7ff7a6c387d5\n\t0x7ff7a6ba8e44\n\t0x7ff7a6f931f2\n\t0x7ff7a6a02d9e\n\t0x7ff7a6a02ffb\n\t0x7ff7a6a3e917\n\t0x7ff7a69fa2e5\n\t0x7ff7a6a3c8de\n\t0x7ff7a69f982a\n\t0x7ff7a69f8b33\n\t0x7ff7a69f9653\n\t0x7ff7a6ae22e4\n\t0x7ff7a6af109c\n\t0x7ff7a6aeac7f\n\t0x7ff7a6cc9b37\n\t0x7ff7a6bb46a6\n\t0x7ff7a6baeab4\n\t0x7ff7a6baebf9\n\t0x7ff7a6ba2cbd\n\t0x7ffa04bce8d7\n\t0x7ffa05ccc40c", "trace": "self = <Testcases.test_OrangeHRM_Login_DDT_002.Test_OrangeHRM_Login_DDT_002 object at 0x0000029D09539670>\n\n    @pytest.mark.falky(rerun=1)\n    @allure.title(\"Verify OrangeHRM Title\")\n    @allure.story(\"Verify OrangeHRM Title\")\n    @pytest.mark.sanity\n    @pytest.mark.smoke\n    @pytest.mark.regression\n    \n    def test_OrangeHRM_Login_DDT_003(self):\n         #self.driver.get(\"https://opensource-demo.orangehrmlive.com/web/index.php/auth/login\")\n         #Read data from ReadConfig file\n    \n         self.driver.get(self.login_url)\n         self.log.info(\"OrangeHRM Login Page Opened\")\n         self.row_count=Excel_methods.count_rows(self.excel_path,self.sheet_name)\n         self.log.info(f\"Number of rows is excel file {self.row_count}\")\n    \n         result_list=[]\n         for i in range(2,self.row_count+1):\n             self.driver.get(self.login_url)\n             self.log.info(f\"Opening Browser and getting {self.login_url}\")\n             username=Excel_methods.read_data_from_excel_file(self.excel_path,self.sheet_name,i,2)\n             password=Excel_methods.read_data_from_excel_file(self.excel_path,self.sheet_name,i,3)\n             self.expected_result=Excel_methods.read_data_from_excel_file(self.excel_path,self.sheet_name,i,4)\n             login = Login_Page_class(self.driver)\n             self.log.info(f\"Entering username {self.username}\")\n>            login.Enter_username(username)\n\nTestcases\\test_OrangeHRM_Login_DDT_002.py:50: \n_ _ _ _ _ _ _ _ _ _ _ _ _ _ _ _ _ _ _ _ _ _ _ _ _ _ _ _ _ _ _ _ _ _ _ _ _ _ _ _\nPage_Objects\\Login_page.py:17: in Enter_username\n    self.driver.find_element(By.XPATH,self.text_username_xpath).send_keys(username)\n.venv\\lib\\site-packages\\selenium\\webdriver\\remote\\webdriver.py:926: in find_element\n    return self.execute(Command.FIND_ELEMENT, {\"using\": by, \"value\": value})[\"value\"]\n.venv\\lib\\site-packages\\selenium\\webdriver\\remote\\webdriver.py:458: in execute\n    self.error_handler.check_response(response)\n_ _ _ _ _ _ _ _ _ _ _ _ _ _ _ _ _ _ _ _ _ _ _ _ _ _ _ _ _ _ _ _ _ _ _ _ _ _ _ _\n\nself = <selenium.webdriver.remote.errorhandler.ErrorHandler object at 0x0000029D09539760>\nresponse = {'status': 404, 'value': '{\"value\":{\"error\":\"no such element\",\"message\":\"no such element: Unable to locate element: {\\...ff7a6bb46a6\\\\n\\\\t0x7ff7a6baeab4\\\\n\\\\t0x7ff7a6baebf9\\\\n\\\\t0x7ff7a6ba2cbd\\\\n\\\\t0x7ffa04bce8d7\\\\n\\\\t0x7ffa05ccc40c\\\\n\"}}'}\n\n    def check_response(self, response: dict[str, Any]) -> None:\n        \"\"\"Checks that a JSON response from the WebDriver does not have an\n        error.\n    \n        :Args:\n         - response - The JSON response from the WebDriver server as a dictionary\n           object.\n    \n        :Raises: If the response contains an error message.\n        \"\"\"\n        status = response.get(\"status\", None)\n        if not status or status == ErrorCode.SUCCESS:\n            return\n        value = None\n        message = response.get(\"message\", \"\")\n        screen: str = response.get(\"screen\", \"\")\n        stacktrace = None\n        if isinstance(status, int):\n            value_json = response.get(\"value\", None)\n            if value_json and isinstance(value_json, str):\n                try:\n                    value = json.loads(value_json)\n                    if isinstance(value, dict):\n                        if len(value) == 1:\n                            value = value[\"value\"]\n                        status = value.get(\"error\", None)\n                        if not status:\n                            status = value.get(\"status\", ErrorCode.UNKNOWN_ERROR)\n                            message = value.get(\"value\") or value.get(\"message\")\n                            if not isinstance(message, str):\n                                value = message\n                                message = message.get(\"message\") if isinstance(message, dict) else None\n                        else:\n                            message = value.get(\"message\", None)\n                except ValueError:\n                    pass\n    \n        exception_class: type[WebDriverException]\n        e = ErrorCode()\n        error_codes = [item for item in dir(e) if not item.startswith(\"__\")]\n        for error_code in error_codes:\n            error_info = getattr(ErrorCode, error_code)\n            if isinstance(error_info, list) and status in error_info:\n                exception_class = getattr(ExceptionMapping, error_code, WebDriverException)\n                break\n        else:\n            exception_class = WebDriverException\n    \n        if not value:\n            value = response[\"value\"]\n        if isinstance(value, str):\n            raise exception_class(value)\n        if message == \"\" and \"message\" in value:\n            message = value[\"message\"]\n    \n        screen = None  # type: ignore[assignment]\n        if \"screen\" in value:\n            screen = value[\"screen\"]\n    \n        stacktrace = None\n        st_value = value.get(\"stackTrace\") or value.get(\"stacktrace\")\n        if st_value:\n            if isinstance(st_value, str):\n                stacktrace = st_value.split(\"\\n\")\n            else:\n                stacktrace = []\n                try:\n                    for frame in st_value:\n                        line = frame.get(\"lineNumber\", \"\")\n                        file = frame.get(\"fileName\", \"<anonymous>\")\n                        if line:\n                            file = f\"{file}:{line}\"\n                        meth = frame.get(\"methodName\", \"<anonymous>\")\n                        if \"className\" in frame:\n                            meth = f\"{frame['className']}.{meth}\"\n                        msg = \"    at %s (%s)\"\n                        msg = msg % (meth, file)\n                        stacktrace.append(msg)\n                except TypeError:\n                    pass\n        if exception_class == UnexpectedAlertPresentException:\n            alert_text = None\n            if \"data\" in value:\n                alert_text = value[\"data\"].get(\"text\")\n            elif \"alert\" in value:\n                alert_text = value[\"alert\"].get(\"text\")\n            raise exception_class(message, screen, stacktrace, alert_text)  # type: ignore[call-arg]  # mypy is not smart enough here\n>       raise exception_class(message, screen, stacktrace)\nE       selenium.common.exceptions.NoSuchElementException: Message: no such element: Unable to locate element: {\"method\":\"xpath\",\"selector\":\"//input[@placeholder='Username']\"}\nE         (Session info: MicrosoftEdge=144.0.3719.115); For documentation on this error, please visit: https://www.selenium.dev/documentation/webdriver/troubleshooting/errors#nosuchelementexception\nE       Stacktrace:\nE       Symbols not available. Dumping unresolved backtrace:\nE       \t0x7ff7a6c387d5\nE       \t0x7ff7a6ba8e44\nE       \t0x7ff7a6f931f2\nE       \t0x7ff7a6a02d9e\nE       \t0x7ff7a6a02ffb\nE       \t0x7ff7a6a3e917\nE       \t0x7ff7a69fa2e5\nE       \t0x7ff7a6a3c8de\nE       \t0x7ff7a69f982a\nE       \t0x7ff7a69f8b33\nE       \t0x7ff7a69f9653\nE       \t0x7ff7a6ae22e4\nE       \t0x7ff7a6af109c\nE       \t0x7ff7a6aeac7f\nE       \t0x7ff7a6cc9b37\nE       \t0x7ff7a6bb46a6\nE       \t0x7ff7a6baeab4\nE       \t0x7ff7a6baebf9\nE       \t0x7ff7a6ba2cbd\nE       \t0x7ffa04bce8d7\nE       \t0x7ffa05ccc40c\n\n.venv\\lib\\site-packages\\selenium\\webdriver\\remote\\errorhandler.py:232: NoSuchElementException"}, "attachments": [{"name": "log", "source": "a8491612-9bf4-4a8a-8420-689eabdb699e-attachment.txt", "type": "text/plain"}, {"name": "stdout", "source": "baa5fc57-66ee-4ef5-8cbd-b936344fb9e6-attachment.txt", "type": "text/plain"}], "start": 1770570595720, "stop": 1770570624204, "uuid": "0e982c1e-9d86-47b5-883f-9cfced40aa2e", "historyId": "6ba6e2741175e2da6794d8c09bf5a7a6", "testCaseId": "6ba6e2741175e2da6794d8c09bf5a7a6", "fullName": "Testcases.test_OrangeHRM_Login_DDT_002.Test_OrangeHRM_Login_DDT_002#test_OrangeHRM_Login_DDT_003", "labels": [{"name": "story", "value": "Verify OrangeHRM Title"}, {"name": "tag", "value": "regression"}, {"name": "tag", "value": "smoke"}, {"name": "tag", "value": "sanity"}, {"name": "parentSuite", "value": "Testcases"}, {"name": "suite", "value": "test_OrangeHRM_Login_DDT_002"}, {"name": "subSuite", "value": "Test_OrangeHRM_Login_DDT_002"}, {"name": "host", "value": "Tanishq"}, {"name": "thread", "value": "17656-MainThread"}, {"name": "framework", "value": "pytest"}, {"name": "language", "value": "cpython3"}, {"name": "package", "value": "Testcases.test_OrangeHRM_Login_DDT_002"}], "titlePath": ["Testcases", "test_OrangeHRM_Login_DDT_002.py", "Test_OrangeHRM_Login_DDT_002"]}