{"name": "Verify OrangeHRM Title", "status": "broken", "statusDetails": {"message": "selenium.common.exceptions.TimeoutException: Message: \nStacktrace:\nSymbols not available. Dumping unresolved backtrace:\n\t0x7ff77cca87d5\n\t0x7ff77cc18e44\n\t0x7ff77d0031f2\n\t0x7ff77ca72d9e\n\t0x7ff77ca72ffb\n\t0x7ff77caae917\n\t0x7ff77ca6a2e5\n\t0x7ff77caac8de\n\t0x7ff77ca6982a\n\t0x7ff77ca68b33\n\t0x7ff77ca69653\n\t0x7ff77cb522e4\n\t0x7ff77cb6109c\n\t0x7ff77cb5ac7f\n\t0x7ff77cd39b37\n\t0x7ff77cc246a6\n\t0x7ff77cc1eab4\n\t0x7ff77cc1ebf9\n\t0x7ff77cc12cbd\n\t0x7ffa04bce8d7\n\t0x7ffa05ccc40c", "trace": "self = <Testcases.test_OrangeHRM_Login_DDT_002.Test_OrangeHRM_Login_DDT_002 object at 0x0000024B64C2C4C0>\n\n    @pytest.mark.falky(rerun=1)\n    @allure.title(\"Verify OrangeHRM Title\")\n    @allure.story(\"Verify OrangeHRM Title\")\n    @pytest.mark.sanity\n    @pytest.mark.smoke\n    @pytest.mark.regression\n    \n    def test_OrangeHRM_Login_DDT_003(self):\n         #self.driver.get(\"https://opensource-demo.orangehrmlive.com/web/index.php/auth/login\")\n         #Read data from ReadConfig file\n    \n         self.driver.get(self.login_url)\n         self.log.info(\"OrangeHRM Login Page Opened\")\n         self.row_count=Excel_methods.count_rows(self.excel_path,self.sheet_name)\n         self.log.info(f\"Number of rows is excel file {self.row_count}\")\n    \n         result_list=[]\n         for i in range(2,self.row_count+1):\n             self.driver.get(self.login_url)\n             self.log.info(f\"Opening Browser and getting {self.login_url}\")\n             username=Excel_methods.read_data_from_excel_file(self.excel_path,self.sheet_name,i,2)\n             password=Excel_methods.read_data_from_excel_file(self.excel_path,self.sheet_name,i,3)\n             self.expected_result=Excel_methods.read_data_from_excel_file(self.excel_path,self.sheet_name,i,4)\n             login = Login_Page_class(self.driver)\n             self.log.info(f\"Entering username {self.username}\")\n>            login.Enter_username(username)\n\nTestcases\\test_OrangeHRM_Login_DDT_002.py:50: \n_ _ _ _ _ _ _ _ _ _ _ _ _ _ _ _ _ _ _ _ _ _ _ _ _ _ _ _ _ _ _ _ _ _ _ _ _ _ _ _\nPage_Objects\\Login_page.py:18: in Enter_username\n    self.wait.until(expected_conditions.visibility_of_element_located((By.XPATH,self.text_username_xpath)))\n_ _ _ _ _ _ _ _ _ _ _ _ _ _ _ _ _ _ _ _ _ _ _ _ _ _ _ _ _ _ _ _ _ _ _ _ _ _ _ _\n\nself = <selenium.webdriver.support.wait.WebDriverWait (session=\"fcdd8508a78dbfb003c4ad58abf6c362\")>\nmethod = <function visibility_of_element_located.<locals>._predicate at 0x0000024B64C5FE50>\nmessage = ''\n\n    def until(self, method: Callable[[D], Union[Literal[False], T]], message: str = \"\") -> T:\n        \"\"\"Wait until the method returns a value that is not False.\n    \n        Calls the method provided with the driver as an argument until the\n        return value does not evaluate to ``False``.\n    \n        Parameters:\n        -----------\n        method: callable(WebDriver)\n            - A callable object that takes a WebDriver instance as an argument.\n    \n        message: str\n            - Optional message for :exc:`TimeoutException`\n    \n        Return:\n        -------\n        object: T\n            - The result of the last call to `method`\n    \n        Raises:\n        -------\n        TimeoutException\n            - If 'method' does not return a truthy value within the WebDriverWait\n            object's timeout\n    \n        Example:\n        --------\n        >>> from selenium.webdriver.common.by import By\n        >>> from selenium.webdriver.support.ui import WebDriverWait\n        >>> from selenium.webdriver.support import expected_conditions as EC\n    \n        # Wait until an element is visible on the page\n        >>> wait = WebDriverWait(driver, 10)\n        >>> element = wait.until(EC.visibility_of_element_located((By.ID, \"exampleId\")))\n        >>> print(element.text)\n        \"\"\"\n        screen = None\n        stacktrace = None\n    \n        end_time = time.monotonic() + self._timeout\n        while True:\n            try:\n                value = method(self._driver)\n                if value:\n                    return value\n            except self._ignored_exceptions as exc:\n                screen = getattr(exc, \"screen\", None)\n                stacktrace = getattr(exc, \"stacktrace\", None)\n            if time.monotonic() > end_time:\n                break\n            time.sleep(self._poll)\n>       raise TimeoutException(message, screen, stacktrace)\nE       selenium.common.exceptions.TimeoutException: Message: \nE       Stacktrace:\nE       Symbols not available. Dumping unresolved backtrace:\nE       \t0x7ff77cca87d5\nE       \t0x7ff77cc18e44\nE       \t0x7ff77d0031f2\nE       \t0x7ff77ca72d9e\nE       \t0x7ff77ca72ffb\nE       \t0x7ff77caae917\nE       \t0x7ff77ca6a2e5\nE       \t0x7ff77caac8de\nE       \t0x7ff77ca6982a\nE       \t0x7ff77ca68b33\nE       \t0x7ff77ca69653\nE       \t0x7ff77cb522e4\nE       \t0x7ff77cb6109c\nE       \t0x7ff77cb5ac7f\nE       \t0x7ff77cd39b37\nE       \t0x7ff77cc246a6\nE       \t0x7ff77cc1eab4\nE       \t0x7ff77cc1ebf9\nE       \t0x7ff77cc12cbd\nE       \t0x7ffa04bce8d7\nE       \t0x7ffa05ccc40c\n\n.venv\\lib\\site-packages\\selenium\\webdriver\\support\\wait.py:138: TimeoutException"}, "attachments": [{"name": "log", "source": "271f8c1d-c03e-4c30-b24f-7999fa0846db-attachment.txt", "type": "text/plain"}, {"name": "stdout", "source": "41646985-d318-40c3-904a-5edf2cd439d8-attachment.txt", "type": "text/plain"}], "start": 1770571046843, "stop": 1770571074346, "uuid": "42a5aaac-56fa-4ce0-b176-a7b5c76a6bf9", "historyId": "6ba6e2741175e2da6794d8c09bf5a7a6", "testCaseId": "6ba6e2741175e2da6794d8c09bf5a7a6", "fullName": "Testcases.test_OrangeHRM_Login_DDT_002.Test_OrangeHRM_Login_DDT_002#test_OrangeHRM_Login_DDT_003", "labels": [{"name": "story", "value": "Verify OrangeHRM Title"}, {"name": "tag", "value": "regression"}, {"name": "tag", "value": "smoke"}, {"name": "tag", "value": "sanity"}, {"name": "parentSuite", "value": "Testcases"}, {"name": "suite", "value": "test_OrangeHRM_Login_DDT_002"}, {"name": "subSuite", "value": "Test_OrangeHRM_Login_DDT_002"}, {"name": "host", "value": "Tanishq"}, {"name": "thread", "value": "17656-MainThread"}, {"name": "framework", "value": "pytest"}, {"name": "language", "value": "cpython3"}, {"name": "package", "value": "Testcases.test_OrangeHRM_Login_DDT_002"}], "titlePath": ["Testcases", "test_OrangeHRM_Login_DDT_002.py", "Test_OrangeHRM_Login_DDT_002"]}