{"name": "test_OrangeHRM_Add_user_004", "status": "broken", "statusDetails": {"message": "selenium.common.exceptions.UnexpectedTagNameException: Message: Select only works on <select> elements, not on i", "trace": "self = <Testcases.test_OrangeHRM_Login_001.Test_OrangeHRM_Login_001 object at 0x000001B3FB184E50>\n\n    def test_OrangeHRM_Add_user_004(self):\n            self.log.info(\"Adding new user\")\n            self.driver.get(self.login_url)\n            login_page = Login_Page_class(self.driver)\n            login_page.Enter_username(self.username)\n            login_page.Enter_password(self.password)\n            login_page.Login_button_click()\n    \n            #Add user\n            login_page.click_admin()\n            self.log.info(\"Admin Page Opened\")\n>           login_page.select_user_role()\n\nTestcases\\test_OrangeHRM_Login_001.py:106: \n_ _ _ _ _ _ _ _ _ _ _ _ _ _ _ _ _ _ _ _ _ _ _ _ _ _ _ _ _ _ _ _ _ _ _ _ _ _ _ _ _ _ _ _ _ _ _ _ _ _ _ _ _ _ _ _ _ _ _ _ _ _ _ _ _ _ _ _ _ _ _ _ _ _ _ _ _ _ _ _ _ _ _ _ _ _ _ _ _ _\nPage_Objects\\Login_page.py:59: in select_user_role\n    select_dropdown=Select(drop_down)\n_ _ _ _ _ _ _ _ _ _ _ _ _ _ _ _ _ _ _ _ _ _ _ _ _ _ _ _ _ _ _ _ _ _ _ _ _ _ _ _ _ _ _ _ _ _ _ _ _ _ _ _ _ _ _ _ _ _ _ _ _ _ _ _ _ _ _ _ _ _ _ _ _ _ _ _ _ _ _ _ _ _ _ _ _ _ _ _ _ _\n\nself = <selenium.webdriver.support.select.Select object at 0x000001B3FB56BD30>\nwebelement = <selenium.webdriver.remote.webelement.WebElement (session=\"c02ec9f2343c29bf83cca6d7882af983\", element=\"f.040C02D85D2A1547B6FC44BADA5CB60C.d.307EC095C6B6AC255A0FBF3C7E5DF6F7.e.957\")>\n\n    def __init__(self, webelement: WebElement) -> None:\n        \"\"\"Constructor. A check is made that the given element is, indeed, a\n        SELECT tag. If it is not, then an UnexpectedTagNameException is thrown.\n    \n        :Args:\n         - webelement - SELECT element to wrap\n    \n        Example:\n            from selenium.webdriver.support.ui import Select \\n\n            Select(driver.find_element(By.TAG_NAME, \"select\")).select_by_index(2)\n        \"\"\"\n        if webelement.tag_name.lower() != \"select\":\n>           raise UnexpectedTagNameException(f\"Select only works on <select> elements, not on {webelement.tag_name}\")\nE           selenium.common.exceptions.UnexpectedTagNameException: Message: Select only works on <select> elements, not on i\n\n.venv\\lib\\site-packages\\selenium\\webdriver\\support\\select.py:37: UnexpectedTagNameException"}, "attachments": [{"name": "log", "source": "9c10b084-6d31-46b6-8fcc-19ed06ea3c0e-attachment.txt", "type": "text/plain"}, {"name": "stdout", "source": "b55031d4-bd37-44d7-bdd0-bede6ff90d42-attachment.txt", "type": "text/plain"}], "start": 1770622675724, "stop": 1770622700861, "uuid": "7de69389-e881-47c1-9192-d723e1b15195", "historyId": "fd3f7ab229a8bf652fc7b12755104987", "testCaseId": "fd3f7ab229a8bf652fc7b12755104987", "fullName": "Testcases.test_OrangeHRM_Login_001.Test_OrangeHRM_Login_001#test_OrangeHRM_Add_user_004", "labels": [{"name": "parentSuite", "value": "Testcases"}, {"name": "suite", "value": "test_OrangeHRM_Login_001"}, {"name": "subSuite", "value": "Test_OrangeHRM_Login_001"}, {"name": "host", "value": "Tanishq"}, {"name": "thread", "value": "26308-MainThread"}, {"name": "framework", "value": "pytest"}, {"name": "language", "value": "cpython3"}, {"name": "package", "value": "Testcases.test_OrangeHRM_Login_001"}], "titlePath": ["Testcases", "test_OrangeHRM_Login_001.py", "Test_OrangeHRM_Login_001"]}